<?xml version="1.0" encoding="UTF-8"?>
<!-- Generated by org.testng.reporters.JUnitXMLReporter -->
<testsuite ignored="0" hostname="WIN-2C8N3BBE1O1" failures="0" tests="25" name="Default test" time="243.038" errors="0" timestamp="2023-11-24T04:00:43 SGT">
  <testcase classname="com.night.Appium.CheckoutInfo" name="CancelButton" time="1.535"/>
  <testcase classname="com.night.Appium.CheckoutInfo" name="Checkout" time="1.54"/>
  <testcase classname="com.night.Appium.CheckoutInfo" name="Checkout" time="1.369"/>
  <testcase classname="com.night.Appium.CheckoutInfo" name="Checkout" time="1.264"/>
  <testcase classname="com.night.Appium.CheckoutInfo" name="Checkout" time="1.407"/>
  <testcase classname="com.night.Appium.CheckoutInfo" name="Checkout" time="1.143"/>
  <testcase classname="com.night.Appium.CheckoutInfo" name="Checkout" time="1.231"/>
  <testcase classname="com.night.Appium.CheckoutInfo" name="Checkout" time="1.25"/>
  <testcase classname="com.night.Appium.NegativeLoginPage" name="PositiveLoginTest1" time="1.165"/>
  <testcase classname="com.night.Appium.NegativeLoginPage" name="PositiveLoginTest1" time="1.138"/>
  <testcase classname="com.night.Appium.NegativeLoginPage" name="PositiveLoginTest1" time="1.24"/>
  <testcase classname="com.night.Appium.CheckoutOverview" name="CheckoutOverviewTest" time="3.029"/>
  <testcase classname="com.night.Appium.CheckoutOverview" name="btnCancelOverview" time="1.663"/>
  <testcase classname="com.night.Appium.AddtoCart" name="AddtoCartTest" time="1.404"/>
  <testcase classname="com.night.Appium.Filter" name="PriceHightoLow" time="0.727"/>
  <testcase classname="com.night.Appium.Filter" name="PriceLowtoHigh" time="0.722"/>
  <testcase classname="com.night.Appium.Filter" name="sortAtoZ" time="2.221"/>
  <testcase classname="com.night.Appium.Filter" name="sortZtoA" time="0.446"/>
  <testcase classname="com.night.Appium.PositiveLogin" name="PositiveLoginTest1" time="1.029"/>
  <testcase classname="com.night.Appium.PositiveLogin" name="PositiveLoginTest1" time="1.004"/>
  <testcase classname="com.night.Appium.PositiveLogin" name="PositiveLoginTest1" time="1.057"/>
  <testcase classname="com.night.Appium.PositiveLogin" name="PositiveLoginTest1" time="1.016"/>
  <testcase classname="com.night.Appium.RemovetoCart" name="Checkout" time="0.975"/>
  <testcase classname="com.night.Appium.RemovetoCart" name="ContinueShopping" time="0.51"/>
  <testcase classname="com.night.Appium.RemovetoCart" name="Remove" time="6.82"/>
</testsuite> <!-- Default test -->
